2025-08-05 19:37:46,528 - BrainWaveDisorderNet - INFO - Starting BrainWaveDisorderNet application...
2025-08-05 19:37:46,528 - BrainWaveDisorderNet - ERROR - An error occurred: ConfigManager.__init__() missing 1 required positional argument: 'config_path'
2025-08-05 19:47:56,746 - BrainWaveDisorderNet - INFO - Starting BrainWaveDisorderNet application...
2025-08-05 19:47:56,747 - BrainWaveDisorderNet - INFO - Initializing data processor...
2025-08-05 19:47:56,747 - BrainWaveDisorderNet - INFO - Loading and preprocessing EEG data...
2025-08-05 19:47:56,896 - BrainWaveDisorderNet - ERROR - An error occurred: could not convert string to float: 'X21.V1.791'
2025-08-05 19:54:50,885 - BrainWaveDisorderNet - INFO - Starting BrainWaveDisorderNet application...
2025-08-05 19:54:50,885 - BrainWaveDisorderNet - INFO - Initializing data processor...
2025-08-05 19:54:50,885 - BrainWaveDisorderNet - INFO - Loading and preprocessing EEG data...
2025-08-05 19:54:51,033 - BrainWaveDisorderNet - ERROR - An error occurred: could not convert string to float: 'X21.V1.791'
2025-08-05 19:56:42,462 - BrainWaveDisorderNet - INFO - Starting BrainWaveDisorderNet application...
2025-08-05 19:56:42,462 - BrainWaveDisorderNet - INFO - Initializing data processor...
2025-08-05 19:56:42,462 - BrainWaveDisorderNet - INFO - Loading and preprocessing EEG data...
2025-08-05 19:56:42,611 - BrainWaveDisorderNet - ERROR - An error occurred: could not convert string to float: 'X21.V1.791'
2025-08-05 20:04:26,966 - BrainWaveDisorderNet - INFO - Starting BrainWaveDisorderNet application...
2025-08-05 20:04:26,966 - BrainWaveDisorderNet - INFO - Initializing data processor...
2025-08-05 20:04:26,966 - BrainWaveDisorderNet - INFO - Loading and preprocessing EEG data...
2025-08-05 20:04:27,101 - BrainWaveDisorderNet - INFO - Data shapes - Train: (6900, 178, 1), Val: (2300, 178, 1), Test: (2300, 178, 1)
2025-08-05 20:04:27,101 - BrainWaveDisorderNet - INFO - Initializing CNN model...
2025-08-05 20:04:28,427 - BrainWaveDisorderNet - INFO - Setting up model trainer...
2025-08-05 20:04:28,427 - BrainWaveDisorderNet - INFO - Starting model training...
2025-08-06 21:12:38,068 - BrainWaveDisorderNet - INFO - Evaluating model performance...
2025-08-06 21:12:41,711 - BrainWaveDisorderNet - INFO - Training completed successfully!
2025-08-06 21:12:41,711 - BrainWaveDisorderNet - INFO - Test Accuracy: 0.7713
2025-08-06 21:12:41,711 - BrainWaveDisorderNet - INFO - Test Loss: 0.5361
2025-08-06 21:12:41,817 - BrainWaveDisorderNet - INFO - Model saved to: models/brainwave_cnn.h5
